                  ___                
This is MUSCOD-II (Release 6.0, Revision unknown) |\    /| |    | /   \ 000000        
Copyright (C) 1995--2011, Simulation and Optimization Group |  \/  | |    | `---.       000     
 |      |  \__/  \___/          00   
Interdisciplinary Center for Scientific Computing (IWR)                                  00 
University of Heidelberg, Germany 00               | |              00
 00               | |              00
 + MS-MINTOC extensions for mixed-integer optimal control  00              ___    ___    ___  
 + PRSQP Partially Reduced SQP Version [ ]    00           /   \  /   \  |   \ 
 + Algorithmic Extensions [ CLSQ LSQ ]      000       |      |     | |    |
         000000  \___/  \___/  |___/ 


>>>>  Dimensions of structured NLP problem:
                   # of discretization points NDIS =        51
                               # of variables NVAR =       205
                    # of equality constraints NEQ  =       155 (154 + 1)
                  # of inequality constraints NIN  =       410 (0 + 205*2)

>>>>  Parameters of MSSQP method:
                final accuracy of NLP solution ACC =  5.00E-05
                 initial integration tolerance     =  5.00E-07
  # of homotopy steps in integration tolerance     =         0
                   final integration tolerance TOL =  5.00E-07
    regularization factor (as multiple of ACC)     =  0.00E+00
    Levenberg Marquardt hessian regularization     =  0.00E+00
                   maximum # of SQP iterations     =      1000
(no constraint relaxation)

>>>>  Parameters of Hessian approximation method (BFGS update with Powell modification):
                              initial trust radius =   20.9217
                   initial diagonal scaling factor =  0.212393

>>>>  SQP iterations

 it qpit qpf   kkttol          sobj   |sinf|  |vstep|  |vstpr| |mulstp|       |lgrd|    alpha         merit crit stat
  0                    1.647777E+01 1.63E+00


****
**** SQP iteration 0
****
(no constraint relaxation)
  1    1 A   2.98E+01  7.087588E+01 8.82E-01 1.42E+01 0.00E+00 8.83E+01 3.848286E+00 1.00E+00  7.644862E+01  REL SUCC


****
**** SQP iteration 1
****
(no constraint relaxation)
  2    2 AP  1.09E+02  4.262894E+01 1.68E-01 7.55E+00 0.00E+00 5.23E+01 3.516013E+01 1.00E+00  4.500250E+01  STD SUCC


****
**** SQP iteration 2
****
(no constraint relaxation)
  3    4 AP  6.05E+01  1.484445E+01 1.34E-01 7.07E+00 0.00E+00 7.17E+01 2.168090E+01 1.00E+00  1.606143E+01  STD SUCC


****
**** SQP iteration 3
****
(no constraint relaxation)
  4    1  P  1.04E+00  1.411894E+01 2.32E-03 9.95E-01 0.00E+00 2.74E+01 8.752698E+00 1.00E+00  1.413811E+01  STD SUCC


****
**** SQP iteration 4
****
(no constraint relaxation)
  5    1  P  1.84E-01  1.400940E+01 1.73E-03 8.26E-01 0.00E+00 7.73E+00 1.923859E+00 1.00E+00  1.402500E+01  STD SUCC


****
**** SQP iteration 5
****
(no constraint relaxation)
  6    1  P  4.13E-02  1.398186E+01 3.45E-04 4.24E-01 0.00E+00 2.58E+00 8.491569E-01 1.00E+00  1.398553E+01  STD SUCC


****
**** SQP iteration 6
****
(no constraint relaxation)
  7    1  P  1.02E-02  1.397522E+01 6.81E-05 1.99E-01 0.00E+00 6.09E-01 3.356631E-01 1.00E+00  1.397596E+01  STD SUCC


****
**** SQP iteration 7
****
(no constraint relaxation)
  8    1  P  1.98E-03  1.397385E+01 8.60E-06 7.66E-02 0.00E+00 2.91E-01 1.458351E-01 1.00E+00  1.397391E+01  STD SUCC


****
**** SQP iteration 8
****
(no constraint relaxation)
  9    1  P  8.96E-04  1.397329E+01 3.56E-06 4.93E-02 0.00E+00 2.64E-01 8.647858E-02 1.00E+00  1.397331E+01  STD SUCC


****
**** SQP iteration 9
****
(no constraint relaxation)

 it qpit qpf   kkttol          sobj   |sinf|  |vstep|  |vstpr| |mulstp|       |lgrd|    alpha         merit crit stat
 10    1  P  1.46E-04  1.397320E+01 1.89E-06 1.91E-02 0.00E+00 9.35E-02 4.802536E-02 1.00E+00  1.397321E+01  STD SUCC


****
**** SQP iteration 10
****
(no constraint relaxation)
 11    1  P  1.47E-05  1.397319E+01 1.00E-06 5.19E-03 0.00E+00 2.07E-02 1.559893E-02 1.00E+00  1.397320E+01  STD SUCC

****  convergence achieved  ****

>>>>  Operation counts for ODE solver RKF45S:
                   total # of function evaluations =     69606
                      total # of integration steps =      3672
                         total # of rejected steps =       453

>>>>  Wall time statistics:
                      Sensitivity generation (IND) = 00:00.011 (15.04%)
                      Integration of inhomogeneity = 00:00.000 ( 0.00%)
                                 State integration = 00:00.003 ( 4.19%)
                              Constraint reduction = 00:00.000 ( 0.21%)
                                        Condensing = 00:00.048 (62.59%)
                         Solution of condensed QPs = 00:00.005 ( 7.01%)
                            Remaining calculations = 00:00.008 (10.96%)
                                             Total = 00:00.076

                                   Online graphics = 00:00.960 (92.67%)
                                       Grand Total = 00:01.036
