                  ___                
This is MUSCOD-II (Release 6.0, Revision unknown) |\    /| |    | /   \ 000000        
Copyright (C) 1995--2011, Simulation and Optimization Group |  \/  | |    | `---.       000     
 |      |  \__/  \___/          00   
Interdisciplinary Center for Scientific Computing (IWR)                                  00 
University of Heidelberg, Germany 00               | |              00
 00               | |              00
 + MS-MINTOC extensions for mixed-integer optimal control  00              ___    ___    ___  
 + PRSQP Partially Reduced SQP Version [ ]    00           /   \  /   \  |   \ 
 + Algorithmic Extensions [ CLSQ LSQ ]      000       |      |     | |    |
         000000  \___/  \___/  |___/ 


>>>>  Dimensions of structured NLP problem:
                   # of discretization points NDIS =       101
                               # of variables NVAR =       404
                    # of equality constraints NEQ  =       303 (203 + 100)
                  # of inequality constraints NIN  =       808 (0 + 404*2)

>>>>  Parameters of MSSQP method:
                final accuracy of NLP solution ACC =  1.00E-06
                 initial integration tolerance     =  1.00E-08
  # of homotopy steps in integration tolerance     =         0
                   final integration tolerance TOL =  1.00E-08
    regularization factor (as multiple of ACC)     =  0.00E+00
    Levenberg Marquardt hessian regularization     =  0.00E+00
                   maximum # of SQP iterations     =      1000
(no constraint relaxation)

>>>>  Parameters of Hessian approximation method (BFGS update with Powell modification):
                              initial trust radius =   36.2795
                   initial diagonal scaling factor =  0.288155

>>>>  SQP iterations

 it qpit qpf   kkttol          sobj   |sinf|  |vstep|  |vstpr| |mulstp|       |lgrd|    alpha         merit crit stat
  0                    1.151989E+02 2.62E+00


****
**** SQP iteration 0
****
(no constraint relaxation)
  1   11 A   2.07E+01  1.076281E+02 5.00E-01 9.85E+00 0.00E+00 3.75E+01 9.053535E+00 1.00E+00  1.141501E+02  REL SUCC


****
**** SQP iteration 1
****
(no constraint relaxation)
  2    9 AP  5.22E+00  1.035237E+02 1.24E-01 5.85E+00 0.00E+00 3.31E+01 1.059145E+01 1.00E+00  1.056653E+02  STD SUCC


****
**** SQP iteration 2
****
(no constraint relaxation)
  3   11 AP  2.10E+01  8.388269E+01 2.43E-01 1.51E+01 0.00E+00 4.52E+01 1.095468E+01 1.00E+00  9.484837E+01  STD SUCC


****
**** SQP iteration 3
****
(no constraint relaxation)
  4    8 AP  1.18E+01  7.571319E+01 3.73E-02 8.74E+00 0.00E+00 5.40E+01 1.185230E+01 1.00E+00  7.770387E+01  STD SUCC


****
**** SQP iteration 4
****
(no constraint relaxation)
  5    3 AP  7.27E+00  7.091752E+01 1.68E-02 5.57E+00 0.00E+00 4.48E+01 1.303190E+01 1.00E+00  7.196097E+01  STD SUCC


****
**** SQP iteration 5
****
(no constraint relaxation)
  6   11 AP  5.53E+00  6.739046E+01 1.28E-02 4.35E+00 0.00E+00 3.69E+01 4.754002E+00 1.00E+00  6.800712E+01  STD SUCC


****
**** SQP iteration 6
****
(no constraint relaxation)
  7    3 AP  2.42E+00  6.578603E+01 4.31E-03 2.34E+00 0.00E+00 1.11E+01 4.440922E+00 1.00E+00  6.593884E+01  STD SUCC


****
**** SQP iteration 7
****
(no constraint relaxation)
  8    2 AP  1.43E+00  6.468584E+01 4.44E-03 1.44E+00 0.00E+00 1.01E+01 4.692110E+00 1.00E+00  6.482640E+01  STD SUCC


****
**** SQP iteration 8
****
(no constraint relaxation)
  9    1  P  1.48E+00  6.355064E+01 8.14E-03 1.65E+00 0.00E+00 5.90E+00 5.536049E+00 1.00E+00  6.378909E+01  STD SUCC


****
**** SQP iteration 9
****
(no constraint relaxation)

 it qpit qpf   kkttol          sobj   |sinf|  |vstep|  |vstpr| |mulstp|       |lgrd|    alpha         merit crit stat
 10    2 AP  1.21E+00  6.265695E+01 5.94E-03 1.60E+00 0.00E+00 6.61E+00 5.585411E+00 1.00E+00  6.284051E+01  STD SUCC


****
**** SQP iteration 10
****
(no constraint relaxation)
 11    1  P  6.17E-01  6.225586E+01 2.39E-03 1.33E+00 0.00E+00 3.95E+00 3.952087E+00 1.00E+00  6.233339E+01  STD SUCC


****
**** SQP iteration 11
****
(no constraint relaxation)
 12    1  P  1.32E-01  6.216307E+01 5.47E-04 5.76E-01 0.00E+00 4.17E+00 3.570855E+00 1.00E+00  6.218224E+01  STD SUCC


****
**** SQP iteration 12
****
(no constraint relaxation)
 13    1  P  8.28E-02  6.211038E+01 2.21E-04 4.11E-01 0.00E+00 2.69E+00 5.104530E+00 1.00E+00  6.211674E+01  STD SUCC


****
**** SQP iteration 13
****
(no constraint relaxation)
 14    1  P  4.41E-02  6.207408E+01 5.75E-05 2.35E-01 0.00E+00 2.59E+00 6.400953E+00 1.00E+00  6.207627E+01  STD SUCC


****
**** SQP iteration 14
****
(no constraint relaxation)
 15    2 AP  1.00E-01  6.199293E+01 2.15E-04 4.12E-01 0.00E+00 6.59E+00 5.267936E+00 1.00E+00  6.200095E+01  STD SUCC


****
**** SQP iteration 15
****
(no constraint relaxation)
 16    2 AP  9.93E-02  6.190765E+01 2.60E-04 4.74E-01 0.00E+00 4.15E+00 2.903085E+00 1.00E+00  6.191750E+01  STD SUCC


****
**** SQP iteration 16
****
(no constraint relaxation)
 17    1  P  2.39E-01  6.169947E+01 4.13E-04 7.07E-01 0.00E+00 1.86E+00 2.089767E+00 1.00E+00  6.171375E+01  STD SUCC


****
**** SQP iteration 17
****
(no constraint relaxation)
 18    2 AP  5.93E-01  6.129170E+01 1.60E-03 1.35E+00 0.00E+00 4.67E+00 1.930332E+00 1.00E+00  6.134110E+01  STD SUCC


****
**** SQP iteration 18
****
(no constraint relaxation)
 19    1  P  1.53E-01  6.119905E+01 1.92E-04 6.22E-01 0.00E+00 2.42E+00 1.702508E+00 1.00E+00  6.120553E+01  STD SUCC


****
**** SQP iteration 19
****
(no constraint relaxation)

 it qpit qpf   kkttol          sobj   |sinf|  |vstep|  |vstpr| |mulstp|       |lgrd|    alpha         merit crit stat
 20    2  P  2.17E-01  6.105220E+01 1.57E-04 6.38E-01 0.00E+00 2.59E+00 1.521086E+00 1.00E+00  6.105630E+01  STD SUCC


****
**** SQP iteration 20
****
(no constraint relaxation)
 21    2  P  1.10E-01  6.097537E+01 2.05E-04 4.57E-01 0.00E+00 2.12E+00 1.747651E+00 1.00E+00  6.098079E+01  STD SUCC


****
**** SQP iteration 21
****
(no constraint relaxation)
 22    2  P  7.60E-02  6.092009E+01 1.85E-04 4.16E-01 0.00E+00 1.73E+00 1.523337E+00 1.00E+00  6.092546E+01  STD SUCC


****
**** SQP iteration 22
****
(no constraint relaxation)
 23    2  P  6.22E-02  6.087450E+01 1.04E-04 3.79E-01 0.00E+00 1.19E+00 1.503389E+00 1.00E+00  6.087787E+01  STD SUCC


****
**** SQP iteration 23
****
(no constraint relaxation)
 24    2  P  7.36E-02  6.082985E+01 5.77E-05 4.28E-01 0.00E+00 9.85E-01 1.615898E+00 1.00E+00  6.083184E+01  STD SUCC


****
**** SQP iteration 24
****
(no constraint relaxation)
 25    1  P  1.15E-02  6.082186E+01 1.26E-05 1.60E-01 0.00E+00 6.19E-01 1.623048E+00 1.00E+00  6.082226E+01  STD SUCC


****
**** SQP iteration 25
****
(no constraint relaxation)
 26    1  P  1.02E-02  6.081418E+01 8.84E-06 1.39E-01 0.00E+00 4.16E-01 1.619923E+00 1.00E+00  6.081441E+01  STD SUCC


****
**** SQP iteration 26
****
(no constraint relaxation)
 27    2  P  1.04E-02  6.080820E+01 5.54E-06 1.82E-01 0.00E+00 3.72E-01 1.651990E+00 1.00E+00  6.080837E+01  STD SUCC


****
**** SQP iteration 27
****
(no constraint relaxation)
 28    2  P  1.10E-03  6.080744E+01 2.21E-06 5.74E-02 0.00E+00 2.22E-01 1.661834E+00 1.00E+00  6.080751E+01  STD SUCC


****
**** SQP iteration 28
****
(no constraint relaxation)
 29    2  P  2.10E-03  6.080550E+01 1.22E-06 4.01E-02 0.00E+00 1.41E-01 1.643507E+00 1.00E+00  6.080554E+01  STD SUCC


****
**** SQP iteration 29
****
(no constraint relaxation)

 it qpit qpf   kkttol          sobj   |sinf|  |vstep|  |vstpr| |mulstp|       |lgrd|    alpha         merit crit stat
 30    2  P  1.38E-02  6.079364E+01 1.09E-06 1.24E-01 0.00E+00 2.41E-01 1.588702E+00 1.00E+00  6.079367E+01  STD SUCC


****
**** SQP iteration 30
****
(no constraint relaxation)
 31    2  P  5.54E-02  6.075551E+01 3.57E-05 3.47E-01 0.00E+00 8.96E-01 1.407579E+00 1.00E+00  6.075615E+01  STD SUCC


****
**** SQP iteration 31
****
(no constraint relaxation)
 32    2  P  4.38E-02  6.072177E+01 7.43E-05 2.25E-01 0.00E+00 7.09E-01 1.125022E+00 1.00E+00  6.072326E+01  STD SUCC


****
**** SQP iteration 32
****
(no constraint relaxation)
 33    2  P  4.72E-02  6.069270E+01 1.02E-04 3.15E-01 0.00E+00 8.30E-01 1.069163E+00 1.00E+00  6.069486E+01  STD SUCC


****
**** SQP iteration 33
****
(no constraint relaxation)
 34    2  P  4.65E-03  6.068996E+01 8.82E-06 1.15E-01 0.00E+00 3.63E-01 9.853886E-01 1.00E+00  6.069022E+01  STD SUCC


****
**** SQP iteration 34
****
(no constraint relaxation)
 35    2  P  3.27E-03  6.068739E+01 1.60E-06 7.40E-02 0.00E+00 2.63E-01 1.002736E+00 1.00E+00  6.068743E+01  STD SUCC


****
**** SQP iteration 35
****
(no constraint relaxation)
 36    3 AP  2.60E-03  6.068532E+01 6.56E-06 6.17E-02 0.00E+00 4.74E-01 1.008120E+00 1.00E+00  6.068546E+01  STD SUCC


****
**** SQP iteration 36
****
(no constraint relaxation)
 37    2  P  9.01E-04  6.068458E+01 2.24E-06 4.13E-02 0.00E+00 2.37E-01 1.117034E+00 1.00E+00  6.068464E+01  STD SUCC


****
**** SQP iteration 37
****
(no constraint relaxation)
 38    2  P  3.73E-03  6.068110E+01 1.07E-06 4.85E-02 0.00E+00 1.36E-01 1.138199E+00 1.00E+00  6.068114E+01  STD SUCC


****
**** SQP iteration 38
****
(no constraint relaxation)
 39    2  P  2.56E-02  6.066205E+01 2.92E-05 1.74E-01 0.00E+00 3.72E-01 1.118746E+00 1.00E+00  6.066248E+01  STD SUCC


****
**** SQP iteration 39
****
(no constraint relaxation)

 it qpit qpf   kkttol          sobj   |sinf|  |vstep|  |vstpr| |mulstp|       |lgrd|    alpha         merit crit stat
 40    2  P  1.28E-02  6.065487E+01 2.72E-05 1.62E-01 0.00E+00 3.85E-01 1.003061E+00 1.00E+00  6.065536E+01  STD SUCC


****
**** SQP iteration 40
****
(no constraint relaxation)
 41    2  P  5.61E-04  6.065460E+01 2.01E-06 4.79E-02 0.00E+00 2.10E-01 9.770400E-01 1.00E+00  6.065465E+01  STD SUCC


****
**** SQP iteration 41
****
(no constraint relaxation)
 42    2  P  4.05E-04  6.065425E+01 9.93E-07 2.33E-02 0.00E+00 1.56E-01 9.861082E-01 1.00E+00  6.065428E+01  STD SUCC


****
**** SQP iteration 42
****
(no constraint relaxation)
 43    2  P  1.42E-03  6.065310E+01 9.02E-07 4.09E-02 0.00E+00 2.52E-01 9.673119E-01 1.00E+00  6.065312E+01  STD SUCC


****
**** SQP iteration 43
****
(no constraint relaxation)
 44    4 AP  6.64E-03  6.064665E+01 1.31E-06 3.56E-02 0.00E+00 2.14E-01 8.355534E-01 1.00E+00  6.064668E+01  STD SUCC


****
**** SQP iteration 44
****
(no constraint relaxation)
 45    2  P  4.98E-02  6.060339E+01 1.57E-05 2.03E-01 0.00E+00 5.80E-01 7.973186E-01 1.00E+00  6.060361E+01  STD SUCC


****
**** SQP iteration 45
****
(no constraint relaxation)
 46    2  P  1.06E-01  6.054580E+01 8.53E-05 5.61E-01 0.00E+00 1.38E+00 6.538233E-01 1.00E+00  6.054748E+01  STD SUCC


****
**** SQP iteration 46
****
(no constraint relaxation)
 47    2  P  7.96E-03  6.053872E+01 6.53E-05 1.31E-01 0.00E+00 1.07E+00 6.261306E-01 1.00E+00  6.054055E+01  STD SUCC


****
**** SQP iteration 47
****
(no constraint relaxation)
 48    2  P  6.02E-03  6.053348E+01 8.04E-05 1.41E-01 0.00E+00 9.87E-01 4.147426E-01 1.00E+00  6.053571E+01  STD SUCC


****
**** SQP iteration 48
****
(no constraint relaxation)
 49    2  P  1.40E-03  6.053243E+01 2.44E-05 7.96E-02 0.00E+00 5.05E-01 4.247457E-01 1.00E+00  6.053307E+01  STD SUCC


****
**** SQP iteration 49
****
(no constraint relaxation)

 it qpit qpf   kkttol          sobj   |sinf|  |vstep|  |vstpr| |mulstp|       |lgrd|    alpha         merit crit stat
 50    2  P  1.61E-03  6.053136E+01 6.61E-06 6.30E-02 0.00E+00 3.14E-01 4.406275E-01 1.00E+00  6.053151E+01  STD SUCC


****
**** SQP iteration 50
****
(no constraint relaxation)
 51    2  P  6.41E-04  6.053098E+01 8.93E-07 4.32E-02 0.00E+00 2.13E-01 4.375121E-01 1.00E+00  6.053101E+01  STD SUCC


****
**** SQP iteration 51
****
(no constraint relaxation)
 52    2  P  5.32E-04  6.053049E+01 1.25E-06 2.40E-02 0.00E+00 1.99E-01 4.570283E-01 1.00E+00  6.053053E+01  STD SUCC


****
**** SQP iteration 52
****
(no constraint relaxation)
 53    2  P  1.71E-03  6.052905E+01 5.70E-06 4.73E-02 0.00E+00 3.47E-01 3.950636E-01 1.00E+00  6.052918E+01  STD SUCC


****
**** SQP iteration 53
****
(no constraint relaxation)
 54    2  P  2.21E-03  6.052752E+01 1.16E-05 7.10E-02 0.00E+00 5.32E-01 4.380512E-01 1.00E+00  6.052778E+01  STD SUCC


****
**** SQP iteration 54
****
(no constraint relaxation)
 55    2  P  1.02E-03  6.052683E+01 3.09E-06 6.11E-02 0.00E+00 3.60E-01 5.609686E-01 1.00E+00  6.052694E+01  STD SUCC


****
**** SQP iteration 55
****
(no constraint relaxation)
 56    2  P  2.75E-04  6.052665E+01 6.67E-07 3.57E-02 0.00E+00 2.28E-01 6.045707E-01 1.00E+00  6.052668E+01  STD SUCC


****
**** SQP iteration 56
****
(no constraint relaxation)
 57    2  P  1.40E-04  6.052653E+01 1.04E-07 1.62E-02 0.00E+00 1.07E-01 6.142766E-01 1.00E+00  6.052653E+01  STD SUCC


****
**** SQP iteration 57
****
(no constraint relaxation)
 58    2  P  4.33E-04  6.052618E+01 2.68E-07 2.76E-02 0.00E+00 2.01E-01 6.153350E-01 1.00E+00  6.052619E+01  STD SUCC


****
**** SQP iteration 58
****
(no constraint relaxation)
 59    2  P  1.67E-03  6.052459E+01 1.58E-07 2.57E-02 0.00E+00 1.59E-01 6.116987E-01 1.00E+00  6.052460E+01  STD SUCC


****
**** SQP iteration 59
****
(no constraint relaxation)

 it qpit qpf   kkttol          sobj   |sinf|  |vstep|  |vstpr| |mulstp|       |lgrd|    alpha         merit crit stat
 60    2  P  8.89E-03  6.051750E+01 6.61E-06 1.20E-01 0.00E+00 6.13E-01 6.217733E-01 1.00E+00  6.051766E+01  STD SUCC


****
**** SQP iteration 60
****
(no constraint relaxation)
 61    2  P  7.60E-03  6.051291E+01 1.54E-05 1.54E-01 0.00E+00 6.54E-01 5.268305E-01 1.00E+00  6.051327E+01  STD SUCC


****
**** SQP iteration 61
****
(no constraint relaxation)
 62    2  P  1.38E-03  6.051185E+01 2.79E-06 4.72E-02 0.00E+00 3.09E-01 3.972523E-01 1.00E+00  6.051189E+01  STD SUCC


****
**** SQP iteration 62
****
(no constraint relaxation)
 63    2  P  2.54E-03  6.051014E+01 2.57E-06 7.98E-02 0.00E+00 4.82E-01 3.654677E-01 1.00E+00  6.051019E+01  STD SUCC


****
**** SQP iteration 63
****
(no constraint relaxation)
 64    2  P  3.10E-03  6.050746E+01 2.97E-07 6.21E-02 0.00E+00 1.32E-01 6.608156E-01 1.00E+00  6.050746E+01  STD SUCC


****
**** SQP iteration 64
****
(no constraint relaxation)
 65    2  P  1.85E-02  6.049416E+01 6.49E-06 1.88E-01 0.00E+00 2.67E-01 6.501700E-01 1.00E+00  6.049430E+01  STD SUCC


****
**** SQP iteration 65
****
(no constraint relaxation)
 66    2  P  9.04E-03  6.048933E+01 8.88E-06 1.60E-01 0.00E+00 4.07E-01 4.261623E-01 1.00E+00  6.048951E+01  STD SUCC


****
**** SQP iteration 66
****
(no constraint relaxation)
 67    2  P  1.48E-04  6.048925E+01 3.19E-07 2.33E-02 0.00E+00 1.27E-01 2.816164E-01 1.00E+00  6.048926E+01  STD SUCC


****
**** SQP iteration 67
****
(no constraint relaxation)
 68    2  P  1.29E-04  6.048916E+01 2.67E-07 1.70E-02 0.00E+00 8.53E-02 2.642600E-01 1.00E+00  6.048916E+01  STD SUCC


****
**** SQP iteration 68
****
(no constraint relaxation)
 69    2  P  6.28E-05  6.048911E+01 1.05E-07 1.04E-02 0.00E+00 6.34E-02 2.546261E-01 1.00E+00  6.048911E+01  STD SUCC


****
**** SQP iteration 69
****
(no constraint relaxation)

 it qpit qpf   kkttol          sobj   |sinf|  |vstep|  |vstpr| |mulstp|       |lgrd|    alpha         merit crit stat
 70    2  P  5.18E-05  6.048908E+01 5.89E-08 9.61E-03 0.00E+00 3.92E-02 2.555223E-01 1.00E+00  6.048908E+01  STD SUCC


****
**** SQP iteration 70
****
(no constraint relaxation)
 71    2  P  3.80E-05  6.048905E+01 2.85E-08 8.44E-03 0.00E+00 4.54E-02 2.556054E-01 1.00E+00  6.048905E+01  STD SUCC


****
**** SQP iteration 71
****
(no constraint relaxation)
 72    2  P  2.10E-05  6.048904E+01 1.16E-08 7.64E-03 0.00E+00 5.39E-02 2.505036E-01 1.00E+00  6.048904E+01  STD SUCC


****
**** SQP iteration 72
****
(no constraint relaxation)
 73    2  P  1.31E-05  6.048902E+01 1.53E-08 2.87E-03 0.00E+00 2.64E-02 2.399622E-01 1.00E+00  6.048902E+01  STD SUCC


****
**** SQP iteration 73
****
(no constraint relaxation)
 74    2  P  9.71E-05  6.048893E+01 8.31E-09 3.79E-03 0.00E+00 1.51E-02 2.375863E-01 1.00E+00  6.048893E+01  STD SUCC


****
**** SQP iteration 74
****
(no constraint relaxation)
 75    2  P  8.77E-04  6.048809E+01 1.16E-07 1.60E-02 0.00E+00 4.79E-02 2.356883E-01 1.00E+00  6.048809E+01  STD SUCC


****
**** SQP iteration 75
****
(no constraint relaxation)
 76    2  P  5.45E-03  6.048412E+01 7.88E-06 1.02E-01 0.00E+00 2.68E-01 2.276149E-01 1.00E+00  6.048432E+01  STD SUCC


****
**** SQP iteration 76
****
(no constraint relaxation)
 77    2  P  2.01E-03  6.048298E+01 8.60E-06 8.44E-02 0.00E+00 2.80E-01 2.020731E-01 1.00E+00  6.048321E+01  STD SUCC


****
**** SQP iteration 77
****
(no constraint relaxation)
 78    2  P  1.12E-04  6.048290E+01 9.02E-07 2.03E-02 0.00E+00 1.33E-01 2.123063E-01 1.00E+00  6.048293E+01  STD SUCC


****
**** SQP iteration 78
****
(no constraint relaxation)
 79    2  P  6.58E-05  6.048285E+01 3.26E-07 1.22E-02 0.00E+00 7.72E-02 2.147932E-01 1.00E+00  6.048286E+01  STD SUCC


****
**** SQP iteration 79
****
(no constraint relaxation)

 it qpit qpf   kkttol          sobj   |sinf|  |vstep|  |vstpr| |mulstp|       |lgrd|    alpha         merit crit stat
 80    2  P  4.61E-05  6.048282E+01 1.68E-07 9.79E-03 0.00E+00 5.89E-02 2.186912E-01 1.00E+00  6.048282E+01  STD SUCC


****
**** SQP iteration 80
****
(no constraint relaxation)
 81    2  P  2.82E-05  6.048280E+01 4.00E-08 6.90E-03 0.00E+00 3.29E-02 2.244884E-01 1.00E+00  6.048280E+01  STD SUCC


****
**** SQP iteration 81
****
(no constraint relaxation)
 82    2  P  5.46E-05  6.048275E+01 2.17E-08 7.51E-03 0.00E+00 2.91E-02 2.327832E-01 1.00E+00  6.048275E+01  STD SUCC


****
**** SQP iteration 82
****
(no constraint relaxation)
 83    2  P  1.34E-04  6.048266E+01 1.66E-07 1.45E-02 0.00E+00 5.88E-02 2.288846E-01 1.00E+00  6.048266E+01  STD SUCC


****
**** SQP iteration 83
****
(no constraint relaxation)
 84    2  P  8.19E-05  6.048260E+01 8.16E-08 1.11E-02 0.00E+00 6.95E-02 2.123000E-01 1.00E+00  6.048260E+01  STD SUCC


****
**** SQP iteration 84
****
(no constraint relaxation)
 85    2  P  8.49E-05  6.048255E+01 1.00E-07 1.36E-02 0.00E+00 5.26E-02 2.055235E-01 1.00E+00  6.048255E+01  STD SUCC


****
**** SQP iteration 85
****
(no constraint relaxation)
 86    2  P  1.44E-05  6.048254E+01 2.34E-08 5.78E-03 0.00E+00 3.18E-02 2.078694E-01 1.00E+00  6.048254E+01  STD SUCC


****
**** SQP iteration 86
****
(no constraint relaxation)
 87    2  P  7.15E-06  6.048253E+01 1.19E-08 3.00E-03 0.00E+00 2.49E-02 2.121339E-01 1.00E+00  6.048254E+01  STD SUCC


****
**** SQP iteration 87
****
(no constraint relaxation)
 88    2  P  3.86E-05  6.048250E+01 8.47E-09 2.96E-03 0.00E+00 2.71E-02 2.114189E-01 1.00E+00  6.048250E+01  STD SUCC


****
**** SQP iteration 88
****
(no constraint relaxation)
 89    2  P  3.11E-04  6.048224E+01 3.36E-07 1.69E-02 0.00E+00 7.62E-02 2.122062E-01 1.00E+00  6.048225E+01  STD SUCC


****
**** SQP iteration 89
****
(no constraint relaxation)

 it qpit qpf   kkttol          sobj   |sinf|  |vstep|  |vstpr| |mulstp|       |lgrd|    alpha         merit crit stat
 90    2  P  3.83E-04  6.048201E+01 1.14E-06 2.71E-02 0.00E+00 1.51E-01 1.990746E-01 1.00E+00  6.048203E+01  STD SUCC


****
**** SQP iteration 90
****
(no constraint relaxation)
 91    2  P  1.02E-04  6.048193E+01 1.88E-07 1.25E-02 0.00E+00 1.01E-01 1.977262E-01 1.00E+00  6.048194E+01  STD SUCC


****
**** SQP iteration 91
****
(no constraint relaxation)
 92    2  P  7.73E-05  6.048188E+01 8.29E-08 1.43E-02 0.00E+00 5.61E-02 2.467536E-01 1.00E+00  6.048189E+01  STD SUCC


****
**** SQP iteration 92
****
(no constraint relaxation)
 93    2  P  2.59E-05  6.048186E+01 2.79E-08 6.60E-03 0.00E+00 5.05E-02 2.441475E-01 1.00E+00  6.048187E+01  STD SUCC


****
**** SQP iteration 93
****
(no constraint relaxation)
 94    2  P  3.70E-05  6.048184E+01 8.28E-08 1.04E-02 0.00E+00 7.49E-02 2.159874E-01 1.00E+00  6.048185E+01  STD SUCC


****
**** SQP iteration 94
****
(no constraint relaxation)
 95    2  P  2.50E-06  6.048184E+01 1.05E-08 2.30E-03 0.00E+00 2.37E-02 1.917587E-01 1.00E+00  6.048184E+01  STD SUCC


****
**** SQP iteration 95
****
(no constraint relaxation)
 96    2  P  3.91E-07  6.048184E+01 9.91E-10 7.51E-04 0.00E+00 7.23E-03 1.906871E-01 1.00E+00  6.048184E+01  STD SUCC

****  convergence achieved  ****

>>>>  Operation counts for ODE solver RKF45S:
                   total # of function evaluations =   3068228
                      total # of integration steps =    158690
                         total # of rejected steps =     23022

>>>>  Wall time statistics:
                      Sensitivity generation (IND) = 00:00.631 (19.48%)
                      Integration of inhomogeneity = 00:00.000 ( 0.00%)
                                 State integration = 00:00.105 ( 3.25%)
                              Constraint reduction = 00:00.006 ( 0.19%)
                                        Condensing = 00:02.027 (62.56%)
                         Solution of condensed QPs = 00:00.322 ( 9.94%)
                            Remaining calculations = 00:00.148 ( 4.58%)
                                             Total = 00:03.240

                                   Online graphics = 00:19.007 (85.43%)
                                       Grand Total = 00:22.247
